<?xml version="1.0" encoding="UTF-8"?>
<testsuite name="nl.tudelft.jpacman.game.LauncherGameTest" tests="6" skipped="0" failures="0" errors="0" timestamp="2019-06-21T14:15:22" hostname="wlan-145-94-160-201.wlan.tudelft.nl" time="2.44">
  <properties/>
  <testcase name="startGame()" classname="nl.tudelft.jpacman.game.LauncherGameTest" time="2.113"/>
  <testcase name="endGame()" classname="nl.tudelft.jpacman.game.LauncherGameTest" time="0.059"/>
  <testcase name="resumeGame()" classname="nl.tudelft.jpacman.game.LauncherGameTest" time="0.063"/>
  <testcase name="playerKilled()" classname="nl.tudelft.jpacman.game.LauncherGameTest" time="0.068"/>
  <testcase name="pauseGame()" classname="nl.tudelft.jpacman.game.LauncherGameTest" time="0.066"/>
  <testcase name="finalPellet()" classname="nl.tudelft.jpacman.game.LauncherGameTest" time="0.065"/>
  <system-out><![CDATA[]]></system-out>
  <system-err><![CDATA[]]></system-err>
</testsuite>
