<?xml version="1.0" encoding="UTF-8"?>
<testsuite name="nl.tudelft.jpacman.game.GameTest" tests="5" skipped="0" failures="0" errors="0" timestamp="2019-06-21T14:15:20" hostname="wlan-145-94-160-201.wlan.tudelft.nl" time="1.331">
  <properties/>
  <testcase name="firstReturn()" classname="nl.tudelft.jpacman.game.GameTest" time="1.288"/>
  <testcase name="trueOneTrue()" classname="nl.tudelft.jpacman.game.GameTest" time="0.01"/>
  <testcase name="falseZeroFalse()" classname="nl.tudelft.jpacman.game.GameTest" time="0.009"/>
  <testcase name="trueZeroFalse()" classname="nl.tudelft.jpacman.game.GameTest" time="0.005"/>
  <testcase name="falseOneFalse()" classname="nl.tudelft.jpacman.game.GameTest" time="0.007"/>
  <system-out><![CDATA[]]></system-out>
  <system-err><![CDATA[]]></system-err>
</testsuite>
