<?xml version="1.0" encoding="UTF-8"?>
<testsuite name="nl.tudelft.jpacman.board.DirectionTest" tests="4" skipped="0" failures="0" errors="0" timestamp="2019-06-21T14:15:20" hostname="wlan-145-94-160-201.wlan.tudelft.nl" time="0.021">
  <properties/>
  <testcase name="testNorth()" classname="nl.tudelft.jpacman.board.DirectionTest" time="0.009"/>
  <testcase name="testSouth()" classname="nl.tudelft.jpacman.board.DirectionTest" time="0.003"/>
  <testcase name="testEast()" classname="nl.tudelft.jpacman.board.DirectionTest" time="0.001"/>
  <testcase name="testWest()" classname="nl.tudelft.jpacman.board.DirectionTest" time="0.001"/>
  <system-out><![CDATA[]]></system-out>
  <system-err><![CDATA[]]></system-err>
</testsuite>
