<?xml version="1.0" encoding="UTF-8"?>
<testsuite name="nl.tudelft.jpacman.LauncherSmokeTest" tests="1" skipped="0" failures="0" errors="0" timestamp="2019-06-21T14:15:17" hostname="wlan-145-94-160-201.wlan.tudelft.nl" time="0.594">
  <properties/>
  <testcase name="smokeTest()" classname="nl.tudelft.jpacman.LauncherSmokeTest" time="0.594"/>
  <system-out><![CDATA[]]></system-out>
  <system-err><![CDATA[]]></system-err>
</testsuite>
