<?xml version="1.0" encoding="UTF-8"?>
<testsuite name="nl.tudelft.jpacman.integration.suspension.PacManSystemTestScenario2" tests="5" skipped="0" failures="0" errors="0" timestamp="2019-06-21T14:15:13" hostname="wlan-145-94-160-201.wlan.tudelft.nl" time="0.379">
  <properties/>
  <testcase name="playerConsumesPellet()" classname="nl.tudelft.jpacman.integration.suspension.PacManSystemTestScenario2" time="0.075"/>
  <testcase name="playerMovesToAWall()" classname="nl.tudelft.jpacman.integration.suspension.PacManSystemTestScenario2" time="0.09"/>
  <testcase name="playerMovesToAnEmptySquare()" classname="nl.tudelft.jpacman.integration.suspension.PacManSystemTestScenario2" time="0.07"/>
  <testcase name="playerDies()" classname="nl.tudelft.jpacman.integration.suspension.PacManSystemTestScenario2" time="0.067"/>
  <testcase name="playerWins()" classname="nl.tudelft.jpacman.integration.suspension.PacManSystemTestScenario2" time="0.064"/>
  <system-out><![CDATA[]]></system-out>
  <system-err><![CDATA[]]></system-err>
</testsuite>
