<?xml version="1.0" encoding="UTF-8"?>
<testsuite name="nl.tudelft.jpacman.level.LevelTest" tests="8" skipped="0" failures="0" errors="0" timestamp="2019-06-21T14:15:16" hostname="wlan-145-94-160-201.wlan.tudelft.nl" time="0.486">
  <properties/>
  <testcase name="startStop()" classname="nl.tudelft.jpacman.level.LevelTest" time="0.076"/>
  <testcase name="registerSecondPlayer()" classname="nl.tudelft.jpacman.level.LevelTest" time="0.234"/>
  <testcase name="registerThirdPlayer()" classname="nl.tudelft.jpacman.level.LevelTest" time="0.006"/>
  <testcase name="registerPlayerTwice()" classname="nl.tudelft.jpacman.level.LevelTest" time="0.005"/>
  <testcase name="registerPlayer()" classname="nl.tudelft.jpacman.level.LevelTest" time="0.006"/>
  <testcase name="stop()" classname="nl.tudelft.jpacman.level.LevelTest" time="0.034"/>
  <testcase name="start()" classname="nl.tudelft.jpacman.level.LevelTest" time="0.017"/>
  <testcase name="noStart()" classname="nl.tudelft.jpacman.level.LevelTest" time="0.006"/>
  <system-out><![CDATA[]]></system-out>
  <system-err><![CDATA[]]></system-err>
</testsuite>
