<?xml version="1.0" encoding="UTF-8"?>
<testsuite name="nl.tudelft.jpacman.integration.suspension.PacManSystemTestScenario4" tests="2" skipped="0" failures="0" errors="0" timestamp="2019-06-21T14:15:13" hostname="wlan-145-94-160-201.wlan.tudelft.nl" time="0.284">
  <properties/>
  <testcase name="gameSuspend()" classname="nl.tudelft.jpacman.integration.suspension.PacManSystemTestScenario4" time="0.16"/>
  <testcase name="gameRestart()" classname="nl.tudelft.jpacman.integration.suspension.PacManSystemTestScenario4" time="0.121"/>
  <system-out><![CDATA[]]></system-out>
  <system-err><![CDATA[]]></system-err>
</testsuite>
